2025-12-07 21:26:50,198 - sign_language - INFO - [realtime]📸 Image capture system initialized[/realtime]
2025-12-07 21:26:50,201 - sign_language - INFO - [success]✅ Camera 0 connected successfully[/success]
2025-12-07 21:26:50,201 - sign_language - INFO - [info]Output directory: ./data/train[/info]
2025-12-07 21:27:00,925 - sign_language - INFO - [success]✅ Completed hello: 10/10 images captured[/success]
2025-12-07 21:27:11,511 - sign_language - INFO - [success]✅ Completed iloveyou: 10/10 images captured[/success]
2025-12-07 21:27:22,118 - sign_language - INFO - [success]✅ Completed thankyou: 10/10 images captured[/success]
2025-12-07 21:27:22,240 - sign_language - INFO - [info]Camera released and windows closed[/info]
2025-12-07 21:31:24,600 - sign_language - INFO - [realtime]📸 Image capture system initialized[/realtime]
2025-12-07 21:31:24,601 - sign_language - INFO - [success]✅ Camera 0 connected successfully[/success]
2025-12-07 21:31:24,601 - sign_language - INFO - [info]Output directory: ./data/train[/info]
2025-12-07 21:31:35,301 - sign_language - INFO - [success]✅ Completed hello: 10/10 images captured[/success]
2025-12-07 21:31:45,879 - sign_language - INFO - [success]✅ Completed iloveyou: 10/10 images captured[/success]
2025-12-07 21:31:56,504 - sign_language - INFO - [success]✅ Completed thankyou: 10/10 images captured[/success]
2025-12-07 21:31:56,599 - sign_language - INFO - [info]Camera released and windows closed[/info]
2025-12-07 21:34:04,450 - sign_language - INFO - [realtime]📸 Image capture system initialized[/realtime]
2025-12-07 21:34:04,451 - sign_language - INFO - [success]✅ Camera 0 connected successfully[/success]
2025-12-07 21:34:04,452 - sign_language - INFO - [info]Output directory: ./data/train[/info]
2025-12-07 21:34:15,170 - sign_language - INFO - [success]✅ Completed hello: 10/10 images captured[/success]
2025-12-07 21:34:25,862 - sign_language - INFO - [success]✅ Completed iloveyou: 10/10 images captured[/success]
2025-12-07 21:35:12,020 - sign_language - INFO - [realtime]📸 Image capture system initialized[/realtime]
2025-12-07 21:35:12,021 - sign_language - INFO - [success]✅ Camera 0 connected successfully[/success]
2025-12-07 21:35:12,022 - sign_language - INFO - [info]Output directory: ./data/train[/info]
2025-12-07 21:35:22,772 - sign_language - INFO - [success]✅ Completed hello: 10/10 images captured[/success]
2025-12-07 21:35:33,387 - sign_language - INFO - [success]✅ Completed iloveyou: 10/10 images captured[/success]
2025-12-07 21:35:43,938 - sign_language - INFO - [success]✅ Completed thankyou: 10/10 images captured[/success]
2025-12-07 21:35:44,082 - sign_language - INFO - [info]Camera released and windows closed[/info]
2025-12-07 21:38:41,962 - sign_language - INFO - [realtime]📸 Image capture system initialized[/realtime]
2025-12-07 21:38:41,964 - sign_language - INFO - [success]✅ Camera 0 connected successfully[/success]
2025-12-07 21:38:41,964 - sign_language - INFO - [info]Output directory: ./data/train[/info]
2025-12-07 21:38:52,648 - sign_language - INFO - [success]✅ Completed hello: 10/10 images captured[/success]
2025-12-07 21:39:03,231 - sign_language - INFO - [success]✅ Completed iloveyou: 10/10 images captured[/success]
2025-12-07 21:39:13,821 - sign_language - INFO - [success]✅ Completed thankyou: 10/10 images captured[/success]
2025-12-07 21:39:13,942 - sign_language - INFO - [info]Camera released and windows closed[/info]
2025-12-07 21:52:40,475 - sign_language - INFO - [realtime]📸 Image capture system initialized[/realtime]
2025-12-07 21:52:40,477 - sign_language - INFO - [success]✅ Camera 0 connected successfully[/success]
2025-12-07 21:52:40,477 - sign_language - INFO - [info]Output directory: ./data/train[/info]
2025-12-07 21:52:51,232 - sign_language - INFO - [success]✅ Completed hello: 10/10 images captured[/success]
2025-12-07 21:53:01,817 - sign_language - INFO - [success]✅ Completed iloveyou: 10/10 images captured[/success]
2025-12-07 21:53:12,395 - sign_language - INFO - [success]✅ Completed thankyou: 10/10 images captured[/success]
2025-12-07 21:53:12,526 - sign_language - INFO - [info]Camera released and windows closed[/info]
2025-12-07 22:00:15,265 - sign_language - INFO - [realtime]📸 Image capture system initialized[/realtime]
2025-12-07 22:00:15,267 - sign_language - INFO - [success]✅ Camera 0 connected successfully[/success]
2025-12-07 22:00:15,268 - sign_language - INFO - [info]Output directory: ./data/test[/info]
2025-12-07 22:00:20,733 - sign_language - INFO - [success]✅ Completed hello: 5/5 images captured[/success]
2025-12-07 22:00:26,056 - sign_language - INFO - [success]✅ Completed iloveyou: 5/5 images captured[/success]
2025-12-07 22:00:31,351 - sign_language - INFO - [success]✅ Completed thankyou: 5/5 images captured[/success]
2025-12-07 22:00:31,474 - sign_language - INFO - [info]Camera released and windows closed[/info]
